# JRE version: OpenJDK Runtime Environment (11.0.10) (build 11.0.10+0-b96-7249189)
# Java VM: OpenJDK 64-Bit Server VM (11.0.10+0-b96-7249189, mixed mode, tiered, compressed oops, g1 gc, windows-amd64)
Heap:
 garbage-first heap   total 262144K, used 134380K [0x0000000080000000, 0x0000000100000000)
  region size 1024K, 77 young (78848K), 7 survivors (7168K)
 Metaspace       used 83546K, capacity 85321K, committed 85376K, reserved 1124352K
  class space    used 10720K, capacity 11391K, committed 11392K, reserved 1048576K
GC Heap History (18 events):
Event: 1.055 GC heap before
{Heap before GC invocations=0 (full 0):
 garbage-first heap   total 262144K, used 29696K [0x0000000080000000, 0x0000000100000000)
  region size 1024K, 24 young (24576K), 0 survivors (0K)
 Metaspace       used 10204K, capacity 10433K, committed 10624K, reserved 1058816K
  class space    used 1063K, capacity 1139K, committed 1152K, reserved 1048576K
}
Event: 1.060 GC heap after
{Heap after GC invocations=1 (full 0):
 garbage-first heap   total 262144K, used 9183K [0x0000000080000000, 0x0000000100000000)
  region size 1024K, 3 young (3072K), 3 survivors (3072K)
 Metaspace       used 10204K, capacity 10433K, committed 10624K, reserved 1058816K
  class space    used 1063K, capacity 1139K, committed 1152K, reserved 1048576K
}
Event: 3.582 GC heap before
{Heap before GC invocations=1 (full 0):
 garbage-first heap   total 262144K, used 104415K [0x0000000080000000, 0x0000000100000000)
  region size 1024K, 97 young (99328K), 3 survivors (3072K)
 Metaspace       used 20541K, capacity 21100K, committed 21248K, reserved 1067008K
  class space    used 2504K, capacity 2690K, committed 2816K, reserved 1048576K
}
Event: 3.598 GC heap after
{Heap after GC invocations=2 (full 0):
 garbage-first heap   total 262144K, used 16676K [0x0000000080000000, 0x0000000100000000)
  region size 1024K, 11 young (11264K), 11 survivors (11264K)
 Metaspace       used 20541K, capacity 21100K, committed 21248K, reserved 1067008K
  class space    used 2504K, capacity 2690K, committed 2816K, reserved 1048576K
}
Event: 5.172 GC heap before
{Heap before GC invocations=3 (full 0):
 garbage-first heap   total 262144K, used 58660K [0x0000000080000000, 0x0000000100000000)
  region size 1024K, 52 young (53248K), 11 survivors (11264K)
 Metaspace       used 24787K, capacity 25416K, committed 25728K, reserved 1071104K
  class space    used 3203K, capacity 3388K, committed 3456K, reserved 1048576K
}
Event: 5.181 GC heap after
{Heap after GC invocations=4 (full 0):
 garbage-first heap   total 262144K, used 18022K [0x0000000080000000, 0x0000000100000000)
  region size 1024K, 2 young (2048K), 2 survivors (2048K)
 Metaspace       used 24787K, capacity 25416K, committed 25728K, reserved 1071104K
  class space    used 3203K, capacity 3388K, committed 3456K, reserved 1048576K
}
Event: 8.006 GC heap before
{Heap before GC invocations=4 (full 0):
 garbage-first heap   total 262144K, used 86630K [0x0000000080000000, 0x0000000100000000)
  region size 1024K, 71 young (72704K), 2 survivors (2048K)
 Metaspace       used 35051K, capacity 35801K, committed 35840K, reserved 1081344K
  class space    used 4543K, capacity 4832K, committed 4864K, reserved 1048576K
}
Event: 8.018 GC heap after
{Heap after GC invocations=5 (full 0):
 garbage-first heap   total 262144K, used 21591K [0x0000000080000000, 0x0000000100000000)
  region size 1024K, 6 young (6144K), 6 survivors (6144K)
 Metaspace       used 35051K, capacity 35801K, committed 35840K, reserved 1081344K
  class space    used 4543K, capacity 4832K, committed 4864K, reserved 1048576K
}
Event: 10.377 GC heap before
{Heap before GC invocations=6 (full 0):
 garbage-first heap   total 262144K, used 132183K [0x0000000080000000, 0x0000000100000000)
  region size 1024K, 111 young (113664K), 6 survivors (6144K)
 Metaspace       used 43514K, capacity 44529K, committed 44672K, reserved 1087488K
  class space    used 5559K, capacity 5960K, committed 6016K, reserved 1048576K
}
Event: 10.390 GC heap after
{Heap after GC invocations=7 (full 0):
 garbage-first heap   total 262144K, used 28052K [0x0000000080000000, 0x0000000100000000)
  region size 1024K, 12 young (12288K), 12 survivors (12288K)
 Metaspace       used 43514K, capacity 44529K, committed 44672K, reserved 1087488K
  class space    used 5559K, capacity 5960K, committed 6016K, reserved 1048576K
}
Event: 12.973 GC heap before
{Heap before GC invocations=7 (full 0):
 garbage-first heap   total 262144K, used 168340K [0x0000000080000000, 0x0000000100000000)
  region size 1024K, 141 young (144384K), 12 survivors (12288K)
 Metaspace       used 54403K, capacity 55798K, committed 55936K, reserved 1097728K
  class space    used 6904K, capacity 7457K, committed 7552K, reserved 1048576K
}
Event: 12.991 GC heap after
{Heap after GC invocations=8 (full 0):
 garbage-first heap   total 262144K, used 48279K [0x0000000080000000, 0x0000000100000000)
  region size 1024K, 18 young (18432K), 18 survivors (18432K)
 Metaspace       used 54403K, capacity 55798K, committed 55936K, reserved 1097728K
  class space    used 6904K, capacity 7457K, committed 7552K, reserved 1048576K
}
Event: 13.434 GC heap before
{Heap before GC invocations=8 (full 0):
 garbage-first heap   total 262144K, used 72855K [0x0000000080000000, 0x0000000100000000)
  region size 1024K, 43 young (44032K), 18 survivors (18432K)
 Metaspace       used 58463K, capacity 59990K, committed 60160K, reserved 1101824K
  class space    used 7375K, capacity 7955K, committed 8064K, reserved 1048576K
}
Event: 13.463 GC heap after
{Heap after GC invocations=9 (full 0):
 garbage-first heap   total 262144K, used 51611K [0x0000000080000000, 0x0000000100000000)
  region size 1024K, 3 young (3072K), 3 survivors (3072K)
 Metaspace       used 58463K, capacity 59990K, committed 60160K, reserved 1101824K
  class space    used 7375K, capacity 7955K, committed 8064K, reserved 1048576K
}
Event: 15.400 GC heap before
{Heap before GC invocations=10 (full 0):
 garbage-first heap   total 262144K, used 156059K [0x0000000080000000, 0x0000000100000000)
  region size 1024K, 105 young (107520K), 3 survivors (3072K)
 Metaspace       used 67041K, capacity 68662K, committed 68736K, reserved 1110016K
  class space    used 8464K, capacity 9079K, committed 9088K, reserved 1048576K
}
Event: 15.410 GC heap after
{Heap after GC invocations=11 (full 0):
 garbage-first heap   total 262144K, used 57963K [0x0000000080000000, 0x0000000100000000)
  region size 1024K, 10 young (10240K), 10 survivors (10240K)
 Metaspace       used 67041K, capacity 68662K, committed 68736K, reserved 1110016K
  class space    used 8464K, capacity 9079K, committed 9088K, reserved 1048576K
}
Event: 17.861 GC heap before
{Heap before GC invocations=11 (full 0):
 garbage-first heap   total 262144K, used 165483K [0x0000000080000000, 0x0000000100000000)
  region size 1024K, 115 young (117760K), 10 survivors (10240K)
 Metaspace       used 77137K, capacity 78930K, committed 79104K, reserved 1118208K
  class space    used 9991K, capacity 10652K, committed 10752K, reserved 1048576K
}
Event: 17.878 GC heap after
{Heap after GC invocations=12 (full 0):
 garbage-first heap   total 262144K, used 64748K [0x0000000080000000, 0x0000000100000000)
  region size 1024K, 7 young (7168K), 7 survivors (7168K)
 Metaspace       used 77137K, capacity 78930K, committed 79104K, reserved 1118208K
  class space    used 9991K, capacity 10652K, committed 10752K, reserved 1048576K
}

