# JRE version: OpenJDK Runtime Environment (11.0.10) (build 11.0.10+0-b96-7249189)
# Java VM: OpenJDK 64-Bit Server VM (11.0.10+0-b96-7249189, mixed mode, tiered, compressed oops, g1 gc, windows-amd64)
Heap:
 garbage-first heap   total 262144K, used 68492K [0x0000000080000000, 0x0000000100000000)
  region size 1024K, 19 young (19456K), 14 survivors (14336K)
 Metaspace       used 76283K, capacity 78027K, committed 78156K, reserved 1116160K
  class space    used 9823K, capacity 10505K, committed 10572K, reserved 1048576K
GC Heap History (18 events):
Event: 0.817 GC heap before
{Heap before GC invocations=0 (full 0):
 garbage-first heap   total 262144K, used 29696K [0x0000000080000000, 0x0000000100000000)
  region size 1024K, 24 young (24576K), 0 survivors (0K)
 Metaspace       used 10199K, capacity 10433K, committed 10624K, reserved 1058816K
  class space    used 1064K, capacity 1139K, committed 1152K, reserved 1048576K
}
Event: 0.821 GC heap after
{Heap after GC invocations=1 (full 0):
 garbage-first heap   total 262144K, used 9265K [0x0000000080000000, 0x0000000100000000)
  region size 1024K, 3 young (3072K), 3 survivors (3072K)
 Metaspace       used 10199K, capacity 10433K, committed 10624K, reserved 1058816K
  class space    used 1064K, capacity 1139K, committed 1152K, reserved 1048576K
}
Event: 2.416 GC heap before
{Heap before GC invocations=1 (full 0):
 garbage-first heap   total 262144K, used 104497K [0x0000000080000000, 0x0000000100000000)
  region size 1024K, 97 young (99328K), 3 survivors (3072K)
 Metaspace       used 20539K, capacity 21100K, committed 21248K, reserved 1067008K
  class space    used 2508K, capacity 2690K, committed 2816K, reserved 1048576K
}
Event: 2.424 GC heap after
{Heap after GC invocations=2 (full 0):
 garbage-first heap   total 262144K, used 16253K [0x0000000080000000, 0x0000000100000000)
  region size 1024K, 10 young (10240K), 10 survivors (10240K)
 Metaspace       used 20539K, capacity 21100K, committed 21248K, reserved 1067008K
  class space    used 2508K, capacity 2690K, committed 2816K, reserved 1048576K
}
Event: 3.156 GC heap before
{Heap before GC invocations=3 (full 0):
 garbage-first heap   total 262144K, used 78717K [0x0000000080000000, 0x0000000100000000)
  region size 1024K, 71 young (72704K), 10 survivors (10240K)
 Metaspace       used 26487K, capacity 27208K, committed 27392K, reserved 1073152K
  class space    used 3495K, capacity 3755K, committed 3840K, reserved 1048576K
}
Event: 3.164 GC heap after
{Heap after GC invocations=4 (full 0):
 garbage-first heap   total 262144K, used 19068K [0x0000000080000000, 0x0000000100000000)
  region size 1024K, 3 young (3072K), 3 survivors (3072K)
 Metaspace       used 26487K, capacity 27208K, committed 27392K, reserved 1073152K
  class space    used 3495K, capacity 3755K, committed 3840K, reserved 1048576K
}
Event: 4.025 GC heap before
{Heap before GC invocations=4 (full 0):
 garbage-first heap   total 262144K, used 68220K [0x0000000080000000, 0x0000000100000000)
  region size 1024K, 52 young (53248K), 3 survivors (3072K)
 Metaspace       used 35024K, capacity 35834K, committed 35840K, reserved 1081344K
  class space    used 4540K, capacity 4864K, committed 4864K, reserved 1048576K
}
Event: 4.035 GC heap after
{Heap after GC invocations=5 (full 0):
 garbage-first heap   total 262144K, used 22032K [0x0000000080000000, 0x0000000100000000)
  region size 1024K, 6 young (6144K), 6 survivors (6144K)
 Metaspace       used 35024K, capacity 35834K, committed 35840K, reserved 1081344K
  class space    used 4540K, capacity 4864K, committed 4864K, reserved 1048576K
}
Event: 5.640 GC heap before
{Heap before GC invocations=6 (full 0):
 garbage-first heap   total 262144K, used 140816K [0x0000000080000000, 0x0000000100000000)
  region size 1024K, 119 young (121856K), 6 survivors (6144K)
 Metaspace       used 43993K, capacity 44978K, committed 45260K, reserved 1089536K
  class space    used 5641K, capacity 6003K, committed 6092K, reserved 1048576K
}
Event: 5.651 GC heap after
{Heap after GC invocations=7 (full 0):
 garbage-first heap   total 262144K, used 29092K [0x0000000080000000, 0x0000000100000000)
  region size 1024K, 13 young (13312K), 13 survivors (13312K)
 Metaspace       used 43993K, capacity 44978K, committed 45260K, reserved 1089536K
  class space    used 5641K, capacity 6003K, committed 6092K, reserved 1048576K
}
Event: 8.134 GC heap before
{Heap before GC invocations=7 (full 0):
 garbage-first heap   total 262144K, used 177572K [0x0000000080000000, 0x0000000100000000)
  region size 1024K, 151 young (154624K), 13 survivors (13312K)
 Metaspace       used 57158K, capacity 58597K, committed 58700K, reserved 1099776K
  class space    used 7179K, capacity 7702K, committed 7756K, reserved 1048576K
}
Event: 8.149 GC heap after
{Heap after GC invocations=8 (full 0):
 garbage-first heap   total 262144K, used 49308K [0x0000000080000000, 0x0000000100000000)
  region size 1024K, 19 young (19456K), 19 survivors (19456K)
 Metaspace       used 57158K, capacity 58597K, committed 58700K, reserved 1099776K
  class space    used 7179K, capacity 7702K, committed 7756K, reserved 1048576K
}
Event: 8.338 GC heap before
{Heap before GC invocations=8 (full 0):
 garbage-first heap   total 262144K, used 57500K [0x0000000080000000, 0x0000000100000000)
  region size 1024K, 28 young (28672K), 19 survivors (19456K)
 Metaspace       used 58682K, capacity 60162K, committed 60236K, reserved 1101824K
  class space    used 7397K, capacity 7970K, committed 8012K, reserved 1048576K
}
Event: 8.362 GC heap after
{Heap after GC invocations=9 (full 0):
 garbage-first heap   total 262144K, used 51854K [0x0000000080000000, 0x0000000100000000)
  region size 1024K, 3 young (3072K), 3 survivors (3072K)
 Metaspace       used 58682K, capacity 60162K, committed 60236K, reserved 1101824K
  class space    used 7397K, capacity 7970K, committed 8012K, reserved 1048576K
}
Event: 9.791 GC heap before
{Heap before GC invocations=10 (full 0):
 garbage-first heap   total 262144K, used 148110K [0x0000000080000000, 0x0000000100000000)
  region size 1024K, 97 young (99328K), 3 survivors (3072K)
 Metaspace       used 66891K, capacity 68448K, committed 68684K, reserved 1110016K
  class space    used 8434K, capacity 9006K, committed 9036K, reserved 1048576K
}
Event: 9.798 GC heap after
{Heap after GC invocations=11 (full 0):
 garbage-first heap   total 262144K, used 57413K [0x0000000080000000, 0x0000000100000000)
  region size 1024K, 8 young (8192K), 8 survivors (8192K)
 Metaspace       used 66891K, capacity 68448K, committed 68684K, reserved 1110016K
  class space    used 8434K, capacity 9006K, committed 9036K, reserved 1048576K
}
Event: 11.493 GC heap before
{Heap before GC invocations=11 (full 0):
 garbage-first heap   total 262144K, used 159813K [0x0000000080000000, 0x0000000100000000)
  region size 1024K, 108 young (110592K), 8 survivors (8192K)
 Metaspace       used 75667K, capacity 77323K, committed 77516K, reserved 1116160K
  class space    used 9736K, capacity 10377K, committed 10444K, reserved 1048576K
}
Event: 11.504 GC heap after
{Heap after GC invocations=12 (full 0):
 garbage-first heap   total 262144K, used 64396K [0x0000000080000000, 0x0000000100000000)
  region size 1024K, 14 young (14336K), 14 survivors (14336K)
 Metaspace       used 75667K, capacity 77323K, committed 77516K, reserved 1116160K
  class space    used 9736K, capacity 10377K, committed 10444K, reserved 1048576K
}

