# JRE version: OpenJDK Runtime Environment (11.0.10) (build 11.0.10+0-b96-7249189)
# Java VM: OpenJDK 64-Bit Server VM (11.0.10+0-b96-7249189, mixed mode, tiered, compressed oops, g1 gc, windows-amd64)
Heap:
 garbage-first heap   total 262144K, used 81756K [0x0000000080000000, 0x0000000100000000)
  region size 1024K, 24 young (24576K), 7 survivors (7168K)
 Metaspace       used 80075K, capacity 81822K, committed 81996K, reserved 1120256K
  class space    used 10331K, capacity 11012K, committed 11084K, reserved 1048576K
GC Heap History (18 events):
Event: 0.855 GC heap before
{Heap before GC invocations=0 (full 0):
 garbage-first heap   total 262144K, used 29696K [0x0000000080000000, 0x0000000100000000)
  region size 1024K, 24 young (24576K), 0 survivors (0K)
 Metaspace       used 10213K, capacity 10429K, committed 10624K, reserved 1058816K
  class space    used 1064K, capacity 1139K, committed 1152K, reserved 1048576K
}
Event: 0.861 GC heap after
{Heap after GC invocations=1 (full 0):
 garbage-first heap   total 262144K, used 9200K [0x0000000080000000, 0x0000000100000000)
  region size 1024K, 3 young (3072K), 3 survivors (3072K)
 Metaspace       used 10213K, capacity 10429K, committed 10624K, reserved 1058816K
  class space    used 1064K, capacity 1139K, committed 1152K, reserved 1048576K
}
Event: 2.512 GC heap before
{Heap before GC invocations=1 (full 0):
 garbage-first heap   total 262144K, used 104432K [0x0000000080000000, 0x0000000100000000)
  region size 1024K, 97 young (99328K), 3 survivors (3072K)
 Metaspace       used 20547K, capacity 21096K, committed 21248K, reserved 1067008K
  class space    used 2503K, capacity 2690K, committed 2816K, reserved 1048576K
}
Event: 2.522 GC heap after
{Heap after GC invocations=2 (full 0):
 garbage-first heap   total 262144K, used 16729K [0x0000000080000000, 0x0000000100000000)
  region size 1024K, 11 young (11264K), 11 survivors (11264K)
 Metaspace       used 20547K, capacity 21096K, committed 21248K, reserved 1067008K
  class space    used 2503K, capacity 2690K, committed 2816K, reserved 1048576K
}
Event: 2.985 GC heap before
{Heap before GC invocations=3 (full 0):
 garbage-first heap   total 262144K, used 56665K [0x0000000080000000, 0x0000000100000000)
  region size 1024K, 51 young (52224K), 11 survivors (11264K)
 Metaspace       used 24546K, capacity 25188K, committed 25472K, reserved 1071104K
  class space    used 3167K, capacity 3356K, committed 3456K, reserved 1048576K
}
Event: 2.993 GC heap after
{Heap after GC invocations=4 (full 0):
 garbage-first heap   total 262144K, used 18573K [0x0000000080000000, 0x0000000100000000)
  region size 1024K, 2 young (2048K), 2 survivors (2048K)
 Metaspace       used 24546K, capacity 25188K, committed 25472K, reserved 1071104K
  class space    used 3167K, capacity 3356K, committed 3456K, reserved 1048576K
}
Event: 4.206 GC heap before
{Heap before GC invocations=4 (full 0):
 garbage-first heap   total 262144K, used 89229K [0x0000000080000000, 0x0000000100000000)
  region size 1024K, 72 young (73728K), 2 survivors (2048K)
 Metaspace       used 35039K, capacity 35830K, committed 35840K, reserved 1081344K
  class space    used 4540K, capacity 4864K, committed 4864K, reserved 1048576K
}
Event: 4.216 GC heap after
{Heap after GC invocations=5 (full 0):
 garbage-first heap   total 262144K, used 22147K [0x0000000080000000, 0x0000000100000000)
  region size 1024K, 6 young (6144K), 6 survivors (6144K)
 Metaspace       used 35039K, capacity 35830K, committed 35840K, reserved 1081344K
  class space    used 4540K, capacity 4864K, committed 4864K, reserved 1048576K
}
Event: 5.956 GC heap before
{Heap before GC invocations=6 (full 0):
 garbage-first heap   total 262144K, used 134787K [0x0000000080000000, 0x0000000100000000)
  region size 1024K, 113 young (115712K), 6 survivors (6144K)
 Metaspace       used 43634K, capacity 44670K, committed 45004K, reserved 1087488K
  class space    used 5573K, capacity 5966K, committed 6092K, reserved 1048576K
}
Event: 5.970 GC heap after
{Heap after GC invocations=7 (full 0):
 garbage-first heap   total 262144K, used 29280K [0x0000000080000000, 0x0000000100000000)
  region size 1024K, 13 young (13312K), 13 survivors (13312K)
 Metaspace       used 43634K, capacity 44670K, committed 45004K, reserved 1087488K
  class space    used 5573K, capacity 5966K, committed 6092K, reserved 1048576K
}
Event: 8.182 GC heap before
{Heap before GC invocations=7 (full 0):
 garbage-first heap   total 262144K, used 171616K [0x0000000080000000, 0x0000000100000000)
  region size 1024K, 145 young (148480K), 13 survivors (13312K)
 Metaspace       used 55532K, capacity 56959K, committed 57292K, reserved 1099776K
  class space    used 7012K, capacity 7548K, committed 7628K, reserved 1048576K
}
Event: 8.200 GC heap after
{Heap after GC invocations=8 (full 0):
 garbage-first heap   total 262144K, used 49384K [0x0000000080000000, 0x0000000100000000)
  region size 1024K, 19 young (19456K), 19 survivors (19456K)
 Metaspace       used 55532K, capacity 56959K, committed 57292K, reserved 1099776K
  class space    used 7012K, capacity 7548K, committed 7628K, reserved 1048576K
}
Event: 8.607 GC heap before
{Heap before GC invocations=8 (full 0):
 garbage-first heap   total 262144K, used 68840K [0x0000000080000000, 0x0000000100000000)
  region size 1024K, 39 young (39936K), 19 survivors (19456K)
 Metaspace       used 58625K, capacity 60159K, committed 60236K, reserved 1101824K
  class space    used 7392K, capacity 7994K, committed 8012K, reserved 1048576K
}
Event: 8.634 GC heap after
{Heap after GC invocations=9 (full 0):
 garbage-first heap   total 262144K, used 52141K [0x0000000080000000, 0x0000000100000000)
  region size 1024K, 3 young (3072K), 3 survivors (3072K)
 Metaspace       used 58625K, capacity 60159K, committed 60236K, reserved 1101824K
  class space    used 7392K, capacity 7994K, committed 8012K, reserved 1048576K
}
Event: 10.111 GC heap before
{Heap before GC invocations=10 (full 0):
 garbage-first heap   total 262144K, used 158637K [0x0000000080000000, 0x0000000100000000)
  region size 1024K, 107 young (109568K), 3 survivors (3072K)
 Metaspace       used 66951K, capacity 68552K, committed 68812K, reserved 1110016K
  class space    used 8443K, capacity 9066K, committed 9164K, reserved 1048576K
}
Event: 10.121 GC heap after
{Heap after GC invocations=11 (full 0):
 garbage-first heap   total 262144K, used 58700K [0x0000000080000000, 0x0000000100000000)
  region size 1024K, 10 young (10240K), 10 survivors (10240K)
 Metaspace       used 66951K, capacity 68552K, committed 68812K, reserved 1110016K
  class space    used 8443K, capacity 9066K, committed 9164K, reserved 1048576K
}
Event: 12.340 GC heap before
{Heap before GC invocations=11 (full 0):
 garbage-first heap   total 262144K, used 168268K [0x0000000080000000, 0x0000000100000000)
  region size 1024K, 117 young (119808K), 10 survivors (10240K)
 Metaspace       used 77574K, capacity 79297K, committed 79436K, reserved 1118208K
  class space    used 10040K, capacity 10710K, committed 10828K, reserved 1048576K
}
Event: 12.352 GC heap after
{Heap after GC invocations=12 (full 0):
 garbage-first heap   total 262144K, used 65372K [0x0000000080000000, 0x0000000100000000)
  region size 1024K, 7 young (7168K), 7 survivors (7168K)
 Metaspace       used 77574K, capacity 79297K, committed 79436K, reserved 1118208K
  class space    used 10040K, capacity 10710K, committed 10828K, reserved 1048576K
}

